[    0.000000] Linux version 4.15.0-72-generic (buildd@lcy01-amd64-026) (gcc version 7.4.0 (Ubuntu 7.4.0-1ubuntu1~18.04.1)) #81-Ubuntu SMP Tue Nov 26 12:20:02 UTC 2019 (Ubuntu 4.15.0-72.81-generic 4.15.18)
[    0.000000] Command line: BOOT_IMAGE=/boot/vmlinuz-4.15.0-72-generic root=LABEL=cloudimg-rootfs ro console=tty1 console=ttyS0
[    0.000000] KERNEL supported cpus:
[    0.000000]   Intel GenuineIntel
[    0.000000]   AMD AuthenticAMD
[    0.000000]   Centaur CentaurHauls
[    0.000000] x86/fpu: Supporting XSAVE feature 0x001: 'x87 floating point registers'
[    0.000000] x86/fpu: Supporting XSAVE feature 0x002: 'SSE registers'
[    0.000000] x86/fpu: Supporting XSAVE feature 0x004: 'AVX registers'
[    0.000000] x86/fpu: xstate_offset[2]:  576, xstate_sizes[2]:  256
[    0.000000] x86/fpu: Enabled xstate features 0x7, context size is 832 bytes, using 'standard' format.
[    0.000000] e820: BIOS-provided physical RAM map:
[    0.000000] BIOS-e820: [mem 0x0000000000000000-0x000000000009fbff] usable
[    0.000000] BIOS-e820: [mem 0x000000000009fc00-0x000000000009ffff] reserved
[    0.000000] BIOS-e820: [mem 0x00000000000f0000-0x00000000000fffff] reserved
[    0.000000] BIOS-e820: [mem 0x0000000000100000-0x000000003ffeffff] usable
[    0.000000] BIOS-e820: [mem 0x000000003fff0000-0x000000003fffffff] ACPI data
[    0.000000] BIOS-e820: [mem 0x00000000fec00000-0x00000000fec00fff] reserved
[    0.000000] BIOS-e820: [mem 0x00000000fee00000-0x00000000fee00fff] reserved
[    0.000000] BIOS-e820: [mem 0x00000000fffc0000-0x00000000ffffffff] reserved
[    0.000000] NX (Execute Disable) protection: active
[    0.000000] SMBIOS 2.5 present.
[    0.000000] DMI: innotek GmbH VirtualBox/VirtualBox, BIOS VirtualBox 12/01/2006
[    0.000000] Hypervisor detected: KVM
[    0.000000] e820: last_pfn = 0x3fff0 max_arch_pfn = 0x400000000
[    0.000000] MTRR: Disabled
[    0.000000] x86/PAT: MTRRs disabled, skipping PAT initialization too.
[    0.000000] CPU MTRRs all blank - virtualized system.
[    0.000000] x86/PAT: Configuration [0-7]: WB  WT  UC- UC  WB  WT  UC- UC  
[    0.000000] found SMP MP-table at [mem 0x0009fff0-0x0009ffff]
[    0.000000] Scanning 1 areas for low memory corruption
[    0.000000] RAMDISK: [mem 0x3595f000-0x36ca6fff]
[    0.000000] ACPI: Early table checksum verification disabled
[    0.000000] ACPI: RSDP 0x00000000000E0000 000024 (v02 VBOX  )
[    0.000000] ACPI: XSDT 0x000000003FFF0030 00003C (v01 VBOX   VBOXXSDT 00000001 ASL  00000061)
[    0.000000] ACPI: FACP 0x000000003FFF00F0 0000F4 (v04 VBOX   VBOXFACP 00000001 ASL  00000061)
[    0.000000] ACPI: DSDT 0x000000003FFF0470 0022EA (v02 VBOX   VBOXBIOS 00000002 INTL 20100528)
[    0.000000] ACPI: FACS 0x000000003FFF0200 000040
[    0.000000] ACPI: FACS 0x000000003FFF0200 000040
[    0.000000] ACPI: APIC 0x000000003FFF0240 00005C (v02 VBOX   VBOXAPIC 00000001 ASL  00000061)
[    0.000000] ACPI: SSDT 0x000000003FFF02A0 0001CC (v01 VBOX   VBOXCPUT 00000002 INTL 20100528)
[    0.000000] No NUMA configuration found
[    0.000000] Faking a node at [mem 0x0000000000000000-0x000000003ffeffff]
[    0.000000] NODE_DATA(0) allocated [mem 0x3ffc5000-0x3ffeffff]
[    0.000000] kvm-clock: cpu 0, msr 0:3ff44001, primary cpu clock
[    0.000000] kvm-clock: Using msrs 4b564d01 and 4b564d00
[    0.000000] kvm-clock: using sched offset of 4229249764 cycles
[    0.000000] clocksource: kvm-clock: mask: 0xffffffffffffffff max_cycles: 0x1cd42e4dffb, max_idle_ns: 881590591483 ns
[    0.000000] Zone ranges:
[    0.000000]   DMA      [mem 0x0000000000001000-0x0000000000ffffff]
[    0.000000]   DMA32    [mem 0x0000000001000000-0x000000003ffeffff]
[    0.000000]   Normal   empty
[    0.000000]   Device   empty
[    0.000000] Movable zone start for each node
[    0.000000] Early memory node ranges
[    0.000000]   node   0: [mem 0x0000000000001000-0x000000000009efff]
[    0.000000]   node   0: [mem 0x0000000000100000-0x000000003ffeffff]
[    0.000000] Reserved but unavailable: 98 pages
[    0.000000] Initmem setup node 0 [mem 0x0000000000001000-0x000000003ffeffff]
[    0.000000] ACPI: PM-Timer IO Port: 0x4008
[    0.000000] IOAPIC[0]: apic_id 2, version 32, address 0xfec00000, GSI 0-23
[    0.000000] ACPI: INT_SRC_OVR (bus 0 bus_irq 0 global_irq 2 dfl dfl)
[    0.000000] ACPI: INT_SRC_OVR (bus 0 bus_irq 9 global_irq 9 low level)
[    0.000000] Using ACPI (MADT) for SMP configuration information
[    0.000000] smpboot: Allowing 2 CPUs, 0 hotplug CPUs
[    0.000000] PM: Registered nosave memory: [mem 0x00000000-0x00000fff]
[    0.000000] PM: Registered nosave memory: [mem 0x0009f000-0x0009ffff]
[    0.000000] PM: Registered nosave memory: [mem 0x000a0000-0x000effff]
[    0.000000] PM: Registered nosave memory: [mem 0x000f0000-0x000fffff]
[    0.000000] e820: [mem 0x40000000-0xfebfffff] available for PCI devices
[    0.000000] Booting paravirtualized kernel on KVM
[    0.000000] clocksource: refined-jiffies: mask: 0xffffffff max_cycles: 0xffffffff, max_idle_ns: 7645519600211568 ns
[    0.000000] random: get_random_bytes called from start_kernel+0x99/0x4fd with crng_init=0
[    0.000000] setup_percpu: NR_CPUS:8192 nr_cpumask_bits:2 nr_cpu_ids:2 nr_node_ids:1
[    0.000000] percpu: Embedded 45 pages/cpu s147456 r8192 d28672 u1048576
[    0.000000] PV qspinlock hash table entries: 256 (order: 0, 4096 bytes)
[    0.000000] Built 1 zonelists, mobility grouping on.  Total pages: 257913
[    0.000000] Policy zone: DMA32
[    0.000000] Kernel command line: BOOT_IMAGE=/boot/vmlinuz-4.15.0-72-generic root=LABEL=cloudimg-rootfs ro console=tty1 console=ttyS0
[    0.000000] Memory: 982852K/1048120K available (12300K kernel code, 2481K rwdata, 4264K rodata, 2428K init, 2388K bss, 65268K reserved, 0K cma-reserved)
[    0.000000] SLUB: HWalign=64, Order=0-3, MinObjects=0, CPUs=2, Nodes=1
[    0.000000] Kernel/User page tables isolation: enabled
[    0.000000] ftrace: allocating 39318 entries in 154 pages
[    0.004000] Hierarchical RCU implementation.
[    0.004000] 	RCU restricting CPUs from NR_CPUS=8192 to nr_cpu_ids=2.
[    0.004000] 	Tasks RCU enabled.
[    0.004000] RCU: Adjusting geometry for rcu_fanout_leaf=16, nr_cpu_ids=2
[    0.004000] NR_IRQS: 524544, nr_irqs: 440, preallocated irqs: 16
[    0.004000] Console: colour VGA+ 80x25
[    0.004000] console [tty1] enabled
[    0.004000] console [ttyS0] enabled
[    0.004000] ACPI: Core revision 20170831
[    0.004000] ACPI: 2 ACPI AML tables successfully acquired and loaded
[    0.004000] APIC: Switch to symmetric I/O mode setup
[    0.004000] x2apic enabled
[    0.004000] Switched APIC routing to physical x2apic.
[    0.005052] ..TIMER: vector=0x30 apic1=0 pin1=2 apic2=-1 pin2=-1
[    0.008002] tsc: Detected 1608.000 MHz processor
[    0.008982] Calibrating delay loop (skipped) preset value.. 3216.00 BogoMIPS (lpj=6432000)
[    0.012003] pid_max: default: 32768 minimum: 301
[    0.013044] Security Framework initialized
[    0.013956] Yama: becoming mindful.
[    0.016023] AppArmor: AppArmor initialized
[    0.018664] Dentry cache hash table entries: 131072 (order: 8, 1048576 bytes)
[    0.020083] Inode-cache hash table entries: 65536 (order: 7, 524288 bytes)
[    0.021513] Mount-cache hash table entries: 2048 (order: 2, 16384 bytes)
[    0.023155] Mountpoint-cache hash table entries: 2048 (order: 2, 16384 bytes)
[    0.024247] Last level iTLB entries: 4KB 64, 2MB 8, 4MB 8
[    0.025841] Last level dTLB entries: 4KB 64, 2MB 0, 4MB 0, 1GB 4
[    0.028002] Spectre V1 : Mitigation: usercopy/swapgs barriers and __user pointer sanitization
[    0.029822] Spectre V2 : Mitigation: Full generic retpoline
[    0.031021] Spectre V2 : Spectre v2 / SpectreRSB mitigation: Filling RSB on context switch
[    0.032001] Speculative Store Bypass: Vulnerable
[    0.033351] MDS: Mitigation: Clear CPU buffers
[    0.034469] Freeing SMP alternatives memory: 36K
[    0.146723] smpboot: CPU0: Intel(R) Core(TM) i5-8210Y CPU @ 1.60GHz (family: 0x6, model: 0x8e, stepping: 0x9)
[    0.148000] Performance Events: unsupported p6 CPU model 142 no PMU driver, software events only.
[    0.148153] Hierarchical SRCU implementation.
[    0.152634] NMI watchdog: Perf event create on CPU 0 failed with -2
[    0.156008] NMI watchdog: Perf NMI watchdog permanently disabled
[    0.160101] smp: Bringing up secondary CPUs ...
[    0.163134] x86: Booting SMP configuration:
[    0.164006] .... node  #0, CPUs:      #1
[    0.004000] kvm-clock: cpu 1, msr 0:3ff44041, secondary cpu clock
[    0.170296] smp: Brought up 1 node, 2 CPUs
[    0.172013] smpboot: Max logical packages: 1
[    0.173442] smpboot: Total of 2 processors activated (6432.00 BogoMIPS)
[    0.176247] devtmpfs: initialized
[    0.177291] x86/mm: Memory block size: 128MB
[    0.180107] evm: security.selinux
[    0.181134] evm: security.SMACK64
[    0.183115] evm: security.SMACK64EXEC
[    0.184011] evm: security.SMACK64TRANSMUTE
[    0.186164] evm: security.SMACK64MMAP
[    0.188007] evm: security.apparmor
[    0.189098] evm: security.ima
[    0.190110] evm: security.capability
[    0.192405] clocksource: jiffies: mask: 0xffffffff max_cycles: 0xffffffff, max_idle_ns: 7645041785100000 ns
[    0.200194] futex hash table entries: 512 (order: 3, 32768 bytes)
[    0.204038] pinctrl core: initialized pinctrl subsystem
[    0.205979] RTC time:  2:10:34, date: 01/09/20
[    0.208256] NET: Registered protocol family 16
[    0.212120] audit: initializing netlink subsys (disabled)
[    0.216071] audit: type=2000 audit(1578535840.217:1): state=initialized audit_enabled=0 res=1
[    0.217255] cpuidle: using governor ladder
[    0.220025] cpuidle: using governor menu
[    0.224160] ACPI: bus type PCI registered
[    0.226134] acpiphp: ACPI Hot Plug PCI Controller Driver version: 0.5
[    0.228312] PCI: Using configuration type 1 for base access
[    0.236071] HugeTLB registered 2.00 MiB page size, pre-allocated 0 pages
[    0.241488] ACPI: Added _OSI(Module Device)
[    0.244103] ACPI: Added _OSI(Processor Device)
[    0.246901] ACPI: Added _OSI(3.0 _SCP Extensions)
[    0.248023] ACPI: Added _OSI(Processor Aggregator Device)
[    0.252010] ACPI: Added _OSI(Linux-Dell-Video)
[    0.256014] ACPI: Added _OSI(Linux-Lenovo-NV-HDMI-Audio)
[    0.259294] ACPI: Added _OSI(Linux-HPI-Hybrid-Graphics)
[    0.260688] ACPI: Executed 1 blocks of module-level executable AML code
[    0.278272] ACPI: Interpreter enabled
[    0.280035] ACPI: (supports S0 S5)
[    0.284008] ACPI: Using IOAPIC for interrupt routing
[    0.286345] PCI: Using host bridge windows from ACPI; if necessary, use "pci=nocrs" and report a bug
[    0.288239] ACPI: Enabled 2 GPEs in block 00 to 07
[    0.301203] ACPI: PCI Root Bridge [PCI0] (domain 0000 [bus 00-ff])
[    0.303307] acpi PNP0A03:00: _OSC: OS supports [ASPM ClockPM Segments MSI]
[    0.304449] acpi PNP0A03:00: _OSC: not requesting OS control; OS requires [ExtendedConfig ASPM ClockPM MSI]
[    0.306969] acpi PNP0A03:00: fail to add MMCONFIG information, can't access extended PCI configuration space under this bridge.
[    0.308481] PCI host bridge to bus 0000:00
[    0.309372] pci_bus 0000:00: root bus resource [io  0x0000-0x0cf7 window]
[    0.312005] pci_bus 0000:00: root bus resource [io  0x0d00-0xffff window]
[    0.313783] pci_bus 0000:00: root bus resource [mem 0x000a0000-0x000bffff window]
[    0.316004] pci_bus 0000:00: root bus resource [mem 0x40000000-0xfdffffff window]
[    0.320004] pci_bus 0000:00: root bus resource [bus 00-ff]
[    0.325011] pci 0000:00:01.1: legacy IDE quirk: reg 0x10: [io  0x01f0-0x01f7]
[    0.326878] pci 0000:00:01.1: legacy IDE quirk: reg 0x14: [io  0x03f6]
[    0.328004] pci 0000:00:01.1: legacy IDE quirk: reg 0x18: [io  0x0170-0x0177]
[    0.330526] pci 0000:00:01.1: legacy IDE quirk: reg 0x1c: [io  0x0376]
[    0.349605] pci 0000:00:07.0: quirk: [io  0x4000-0x403f] claimed by PIIX4 ACPI
[    0.351929] pci 0000:00:07.0: quirk: [io  0x4100-0x410f] claimed by PIIX4 SMB
[    0.364454] ACPI: PCI Interrupt Link [LNKA] (IRQs 5 9 10 *11)
[    0.366480] ACPI: PCI Interrupt Link [LNKB] (IRQs 5 9 *10 11)
[    0.367815] ACPI: PCI Interrupt Link [LNKC] (IRQs 5 *9 10 11)
[    0.368156] ACPI: PCI Interrupt Link [LNKD] (IRQs 5 9 10 *11)
[    0.369936] SCSI subsystem initialized
[    0.372055] pci 0000:00:02.0: vgaarb: setting as boot VGA device
[    0.374476] pci 0000:00:02.0: vgaarb: VGA device added: decodes=io+mem,owns=io+mem,locks=none
[    0.376007] pci 0000:00:02.0: vgaarb: bridge control possible
[    0.377214] vgaarb: loaded
[    0.377897] ACPI: bus type USB registered
[    0.378893] usbcore: registered new interface driver usbfs
[    0.380015] usbcore: registered new interface driver hub
[    0.381471] usbcore: registered new device driver usb
[    0.382588] EDAC MC: Ver: 3.0.0
[    0.384316] PCI: Using ACPI for IRQ routing
[    0.385284] NetLabel: Initializing
[    0.386712] NetLabel:  domain hash size = 128
[    0.388003] NetLabel:  protocols = UNLABELED CIPSOv4 CALIPSO
[    0.389187] NetLabel:  unlabeled traffic allowed by default
[    0.392098] clocksource: Switched to clocksource kvm-clock
[    0.407427] VFS: Disk quotas dquot_6.6.0
[    0.409070] VFS: Dquot-cache hash table entries: 512 (order 0, 4096 bytes)
[    0.411359] AppArmor: AppArmor Filesystem Enabled
[    0.412477] pnp: PnP ACPI init
[    0.414657] pnp: PnP ACPI: found 3 devices
[    0.425567] clocksource: acpi_pm: mask: 0xffffff max_cycles: 0xffffff, max_idle_ns: 2085701024 ns
[    0.428015] NET: Registered protocol family 2
[    0.429332] TCP established hash table entries: 8192 (order: 4, 65536 bytes)
[    0.430842] TCP bind hash table entries: 8192 (order: 5, 131072 bytes)
[    0.433916] TCP: Hash tables configured (established 8192 bind 8192)
[    0.435678] UDP hash table entries: 512 (order: 2, 16384 bytes)
[    0.436946] UDP-Lite hash table entries: 512 (order: 2, 16384 bytes)
[    0.438392] NET: Registered protocol family 1
[    0.440144] pci 0000:00:00.0: Limiting direct PCI/PCI transfers
[    0.441448] pci 0000:00:01.0: Activating ISA DMA hang workarounds
[    0.442769] pci 0000:00:02.0: Video device with shadowed ROM at [mem 0x000c0000-0x000dffff]
[    0.445006] Unpacking initramfs...
[    0.805593] Freeing initrd memory: 19744K
[    0.806990] clocksource: tsc: mask: 0xffffffffffffffff max_cycles: 0x172daa3a18b, max_idle_ns: 440795212390 ns
[    0.812589] platform rtc_cmos: registered platform RTC device (no PNP device found)
[    0.814867] Scanning for low memory corruption every 60 seconds
[    0.817947] Initialise system trusted keyrings
[    0.819273] Key type blacklist registered
[    0.820747] workingset: timestamp_bits=36 max_order=18 bucket_order=0
[    0.823003] zbud: loaded
[    0.824524] squashfs: version 4.0 (2009/01/31) Phillip Lougher
[    0.826209] fuse init (API version 7.26)
[    0.834162] Key type asymmetric registered
[    0.835201] Asymmetric key parser 'x509' registered
[    0.836595] Block layer SCSI generic (bsg) driver version 0.4 loaded (major 246)
[    0.838477] io scheduler noop registered
[    0.839381] io scheduler deadline registered
[    0.841000] io scheduler cfq registered (default)
[    0.843629] ACPI: AC Adapter [AC] (on-line)
[    0.845906] input: Power Button as /devices/LNXSYSTM:00/LNXPWRBN:00/input/input0
[    0.850160] ACPI: Power Button [PWRF]
[    0.851181] input: Sleep Button as /devices/LNXSYSTM:00/LNXSLPBN:00/input/input1
[    0.853134] ACPI: Sleep Button [SLPF]
[    0.857539] ACPI: Battery Slot [BAT0] (battery present)
[    0.860247] Serial: 8250/16550 driver, 32 ports, IRQ sharing enabled
[    0.882753] 00:02: ttyS0 at I/O 0x3f8 (irq = 4, base_baud = 115200) is a 16550A
[    0.897689] Linux agpgart interface v0.103
[    0.901471] loop: module loaded
[    0.903239] scsi host0: ata_piix
[    0.905061] scsi host1: ata_piix
[    0.905908] ata1: PATA max UDMA/33 cmd 0x1f0 ctl 0x3f6 bmdma 0xd000 irq 14
[    0.907395] ata2: PATA max UDMA/33 cmd 0x170 ctl 0x376 bmdma 0xd008 irq 15
[    0.909435] libphy: Fixed MDIO Bus: probed
[    0.910931] tun: Universal TUN/TAP device driver, 1.6
[    0.912886] PPP generic driver version 2.4.2
[    0.914112] ehci_hcd: USB 2.0 'Enhanced' Host Controller (EHCI) Driver
[    0.915840] ehci-pci: EHCI PCI platform driver
[    0.917208] ehci-platform: EHCI generic platform driver
[    0.918451] ohci_hcd: USB 1.1 'Open' Host Controller (OHCI) Driver
[    0.920137] ohci-pci: OHCI PCI platform driver
[    0.921482] ohci-platform: OHCI generic platform driver
[    0.922583] uhci_hcd: USB Universal Host Controller Interface driver
[    0.923990] i8042: PNP: PS/2 Controller [PNP0303:PS2K,PNP0f03:PS2M] at 0x60,0x64 irq 1,12
[    0.926723] serio: i8042 KBD port at 0x60,0x64 irq 1
[    0.928611] serio: i8042 AUX port at 0x60,0x64 irq 12
[    0.930315] mousedev: PS/2 mouse device common for all mice
[    0.932415] input: AT Translated Set 2 keyboard as /devices/platform/i8042/serio0/input/input2
[    0.934708] rtc_cmos rtc_cmos: rtc core: registered rtc_cmos as rtc0
[    0.936273] rtc_cmos rtc_cmos: alarms up to one day, 114 bytes nvram
[    0.938418] i2c /dev entries driver
[    0.939722] device-mapper: uevent: version 1.0.3
[    0.940840] device-mapper: ioctl: 4.37.0-ioctl (2017-09-20) initialised: dm-devel@redhat.com
[    0.942686] ledtrig-cpu: registered to indicate activity on CPUs
[    0.945721] NET: Registered protocol family 10
[    0.950479] Segment Routing with IPv6
[    0.951970] NET: Registered protocol family 17
[    0.953821] Key type dns_resolver registered
[    0.955098] mce: Using 0 MCE banks
[    0.956148] RAS: Correctable Errors collector initialized.
[    0.957545] sched_clock: Marking stable (957520980, 0)->(1134884713, -177363733)
[    0.959893] registered taskstats version 1
[    0.961846] Loading compiled-in X.509 certificates
[    0.966306] Loaded X.509 cert 'Build time autogenerated kernel key: f4f7241365689b0cbe3898188e65e316fd8f978d'
[    0.969848] zswap: loaded using pool lzo/zbud
[    0.975206] Key type big_key registered
[    0.976723] Key type trusted registered
[    0.980461] Key type encrypted registered
[    0.981877] AppArmor: AppArmor sha1 policy hashing enabled
[    0.983661] ima: No TPM chip found, activating TPM-bypass! (rc=-19)
[    0.986124] ima: Allocated hash algorithm: sha1
[    0.987281] evm: HMAC attrs: 0x1
[    0.988393]   Magic number: 4:469:156
[    0.989310] rtc_cmos rtc_cmos: setting system clock to 2020-01-09 02:10:35 UTC (1578535835)
[    0.991222] BIOS EDD facility v0.16 2004-Jun-25, 0 devices found
[    0.993005] EDD information not available.
[    1.072335] Freeing unused kernel image memory: 2428K
[    1.084354] Write protecting the kernel read-only data: 20480k
[    1.087209] Freeing unused kernel image memory: 2008K
[    1.089635] Freeing unused kernel image memory: 1880K
[    1.100000] x86/mm: Checked W+X mappings: passed, no W+X pages found.
[    1.102524] x86/mm: Checking user space page tables
[    1.111154] x86/mm: Checked W+X mappings: passed, no W+X pages found.
Loading, please wait...
starting version 237
[    1.194707] e1000: Intel(R) PRO/1000 Network Driver - version 7.3.21-k8-NAPI
[    1.197279] e1000: Copyright (c) 1999-2006 Intel Corporation.
[    1.199521] Fusion MPT base driver 3.04.20
[    1.200785] Copyright (c) 1999-2008 LSI Corporation
[    1.211863] Fusion MPT SPI Host driver 3.04.20
[    1.217533] vboxvideo: loading out-of-tree module taints kernel.
[    1.219148] vboxvideo: module verification failed: signature and/or required key missing - tainting kernel
[    1.227705] AVX2 version of gcm_enc/dec engaged.
[    1.229335] AES CTR mode by8 optimization enabled
[    1.527731] input: ImExPS/2 Generic Explorer Mouse as /devices/platform/i8042/serio1/input/input4
[    1.904200] e1000 0000:00:03.0 eth0: (PCI:33MHz:32-bit) 02:b7:1f:33:e9:24
[    1.909130] e1000 0000:00:03.0 eth0: Intel(R) PRO/1000 Network Connection
[    1.913220] mptbase: ioc0: Initiating bringup
[    2.489121] ioc0: LSI53C1030 A0: Capabilities={Initiator}
[    3.474631] scsi host2: ioc0: LSI53C1030 A0, FwRev=00000000h, Ports=1, MaxQ=256, IRQ=20
[    3.814682] scsi 2:0:0:0: Direct-Access     VBOX     HARDDISK         1.0  PQ: 0 ANSI: 5
[    3.829337] [drm] VRAM 01000000
[    3.831191] [TTM] Zone  kernel: Available graphics memory: 504474 kiB
[    3.842312] [TTM] Initializing pool allocator
[    3.844133] [TTM] Initializing DMA pool allocator
[    3.847876] fbcon: vboxdrmfb (fb0) is primary device
[    3.853140] Console: switching to colour frame buffer device 100x37
[    3.859224] vboxvideo 0000:00:02.0: fb0: vboxdrmfb frame buffer device
[    3.865573] scsi target2:0:0: Beginning Domain Validation
[    3.887805] scsi target2:0:0: Domain Validation skipping write tests
[    3.888096] [drm] Initialized vboxvideo 1.0.0 20130823 for 0000:00:02.0 on minor 0
[    3.892450] scsi target2:0:0: Ending Domain Validation
[    3.896270] scsi target2:0:0: asynchronous
[    3.898937] scsi 2:0:1:0: Direct-Access     VBOX     HARDDISK         1.0  PQ: 0 ANSI: 5
[    3.935641] scsi target2:0:1: Beginning Domain Validation
[    3.946227] random: fast init done
[    3.950675] scsi target2:0:1: Domain Validation skipping write tests
[    3.981988] scsi target2:0:1: Ending Domain Validation
[    3.995008] scsi target2:0:1: asynchronous
[    4.010059] sd 2:0:0:0: Attached scsi generic sg0 type 0
[    4.010952] random: systemd-udevd: uninitialized urandom read (16 bytes read)
[    4.012120] sd 2:0:1:0: Attached scsi generic sg1 type 0
[    4.027562] sd 2:0:0:0: [sda] 20971520 512-byte logical blocks: (10.7 GB/10.0 GiB)
[    4.034827] random: systemd-udevd: uninitialized urandom read (16 bytes read)
[    4.045343] random: systemd-udevd: uninitialized urandom read (16 bytes read)
[    4.055839] sd 2:0:1:0: [sdb] 20480 512-byte logical blocks: (10.5 MB/10.0 MiB)
[    4.060053] sd 2:0:0:0: [sda] Write Protect is off
[    4.062578] sd 2:0:1:0: [sdb] Write Protect is off
[    4.076268] sd 2:0:0:0: [sda] Incomplete mode parameter data
[    4.078554] sd 2:0:0:0: [sda] Assuming drive cache: write through
[    4.084217] sd 2:0:1:0: [sdb] Incomplete mode parameter data
[    4.088006] sd 2:0:1:0: [sdb] Assuming drive cache: write through
[    4.093243]  sda: sda1
[    4.095911] sd 2:0:0:0: [sda] Attached SCSI disk
[    4.099622] sd 2:0:1:0: [sdb] Attached SCSI disk
[    4.520817] e1000 0000:00:08.0 eth1: (PCI:33MHz:32-bit) 08:00:27:46:88:31
[    4.523351] e1000 0000:00:08.0 eth1: Intel(R) PRO/1000 Network Connection
[    4.527841] e1000 0000:00:08.0 enp0s8: renamed from eth1
[    4.551732] e1000 0000:00:03.0 enp0s3: renamed from eth0
Begin: Loading essential drivers ... [    4.768518] raid6: sse2x1   gen() 10898 MB/s
[    4.816574] raid6: sse2x1   xor()  7609 MB/s
[    4.864596] raid6: sse2x2   gen() 12026 MB/s
[    4.916268] raid6: sse2x2   xor()  8031 MB/s
[    4.964159] raid6: sse2x4   gen() 14076 MB/s
[    5.012537] raid6: sse2x4   xor()  9042 MB/s
[    5.060087] raid6: avx2x1   gen() 19408 MB/s
[    5.108342] raid6: avx2x1   xor() 13166 MB/s
[    5.156119] raid6: avx2x2   gen() 18722 MB/s
[    5.204089] raid6: avx2x2   xor() 10046 MB/s
[    5.252292] raid6: avx2x4   gen() 11647 MB/s
[    5.304808] raid6: avx2x4   xor()  8905 MB/s
[    5.307963] raid6: using algorithm avx2x1 gen() 19408 MB/s
[    5.310343] raid6: .... xor() 13166 MB/s, rmw enabled
[    5.312677] raid6: using avx2x2 recovery algorithm
[    5.328032] xor: automatically using best checksumming function   avx       
[    5.338795] async_tx: api initialized (async)
done.
Begin: Running /scripts/init-premount ... done.
Begin: Mounting root file system ... Begin: Running /scripts/local-top ... done.
Begin: Running /scripts/local-premount ... [    5.471382] Btrfs loaded, crc32c=crc32c-intel
Scanning for Btrfs filesystems
done.
Warning: fsck not present, so skipping root file system
[    5.512321] EXT4-fs (sda1): INFO: recovery required on readonly filesystem
[    5.514109] EXT4-fs (sda1): write access will be enabled during recovery
[    5.647375] EXT4-fs (sda1): recovery complete
[    5.649258] EXT4-fs (sda1): mounted filesystem with ordered data mode. Opts: (null)
done.
Begin: Running /scripts/local-bottom ... done.
Begin: Running /scripts/init-bottom ... done.
[    5.878074] ip_tables: (C) 2000-2006 Netfilter Core Team
[    5.892802] systemd[1]: systemd 237 running in system mode. (+PAM +AUDIT +SELINUX +IMA +APPARMOR +SMACK +SYSVINIT +UTMP +LIBCRYPTSETUP +GCRYPT +GNUTLS +ACL +XZ +LZ4 +SECCOMP +BLKID +ELFUTILS +KMOD -IDN2 +IDN -PCRE2 default-hierarchy=hybrid)
[    5.897627] systemd[1]: Detected virtualization oracle.
[    5.902104] systemd[1]: Detected architecture x86-64.

Welcome to [1mUbuntu 18.04.3 LTS[0m!

[    5.912023] systemd[1]: Set hostname to <ubuntu-bionic>.
[    6.388270] systemd[1]: Created slice System Slice.
[[0;32m  OK  [0m] Created slice System Slice.
[    6.401399] systemd[1]: Listening on udev Control Socket.
[[0;32m  OK  [0m] Listening on udev Control Socket.
[    6.416637] systemd[1]: Listening on Journal Socket.
[[0;32m  OK  [0m] Listening on Journal Socket.
[    6.421875] systemd[1]: Listening on Journal Audit Socket.
[[0;32m  OK  [0m] Listening on Journal Audit Socket.
[    6.425758] systemd[1]: Listening on Device-mapper event daemon FIFOs.
[[0;32m  OK  [0m] Listening on Device-mapper event daemon FIFOs.
[    6.440586] systemd[1]: Listening on /dev/initctl Compatibility Named Pipe.
[[0;32m  OK  [0m] Listening on /dev/initctl Compatibility Named Pipe.
[[0;32m  OK  [0m] Started Forward Password Requests to Wall Directory Watch.
         Mounting POSIX Message Queue File System...
[[0;32m  OK  [0m] Listening on Journal Socket (/dev/log).
         Starting Load Kernel Modules...
         Starting Remount Root and Kernel File Systems...
[[0;32m  OK  [0m] Created slice system-serial\x2dgetty.slice.
[[0;32m  OK  [0m] Listening on LVM2 poll daemon socket.
[[    6.504661] Loading iSCSI transport class v2.0-870.
[0;32m  OK  [0m] Listening on LVM2 metadata daemon socket.
[[0;32m  OK  [0m] Listening on Syslog Socket.
[[0;32m  OK  [0m] Reached target Swap.
[[0;32m  OK  [0m] Reached target User and Group Name Lookups.
         Starting Create list of required st…ce nodes for the current kernel...
[[0;32m  OK  [0m] Reached target System Time Synchronized.
         Mounting Huge Pages File System...
         Starting Uncomplicated firewall...
[[0;32m  OK  [0m] Set up automount Arbitrary Executab…rmats File System Automount Point.
         Starting Set the console keyboard layout...
[    6.565372] iscsi: registered transport (tcp)
         Starting Journal Service...
         Mounting Kernel [    6.576067] EXT4-fs (sda1): re-mounted. Opts: (null)
Debug File System...
         Starting Monitoring of LVM2 mirrors…ng dmeventd or progress polling...
[[0;32m  OK  [0m] Created slice User and Session Slice.
[[0;32m  OK  [0m] Reached target Slices.
[[0;32m  OK  [0m] Listening on udev Kernel Socket.
         Starting udev Coldplug all Devices...
[[0;32m  OK  [0m] Listening on Network Service Netlink Socket.
[[0;32m  OK  [0m] Mounted POSIX Message Queue File System.
[[0;32m  OK  [0m] Started Remount Root and Kernel File Systems.
[[0;32m  OK  [0m] Started Journal Service.
[[0;32m  OK  [0m] Started Create list of required sta…vice nodes for the current kernel.
[[0;32m  OK  [0m] Mounted Huge Pages File System.
[[0;32m  OK  [0m] Started Uncomplicated firewall.
[[0;32m  OK  [0m] Mounted Kernel Debug File System.
         Starting Create Static Device Nodes in /dev...
[    6.733158] iscsi: registered transport (iser)
         Starting Load/Save Random Seed...
         Starting Flush Journal to Persistent Storage...
[[0;32m  OK  [0m] Started Load Kernel Modules.
         Mounting Kernel Configuration File System...
         Mounting FUSE Control File System...
         Starting Apply Kernel Variables...
[[0;32m  OK  [0m] Started LVM2 metadata daemon.
[[0;32m  OK  [0m] Mounted Kernel Configuration File System.
[[0;32m  OK  [0m] Mounted FUSE Control File System.
[[0;32m  OK  [0m] Started Load/Save Random Seed.
[    6.797260] systemd-journald[399]: Received request to flush runtime journal from PID 1
[[0;32m  OK  [0m] Started udev Coldplug all Devices.
[[0;32m  OK  [0m] Started Create Static Device Nodes in /dev.
         Starting udev Kernel Device Manager...
[[0;32m  OK  [0m] Started Set the console keyboard layout.
[[0;32m  OK  [0m] Started udev Kernel Device Manager.
[[0;32m  OK  [0m] Started Dispatch Password Requests to Console Directory Watch.
[[0;32m  OK  [0m] Reached target Local Encrypted Volumes.
[[0;32m  OK  [0m] Started Apply Kernel Variables.
[[0;32m  OK  [0m] Started Monitoring of LVM2 mirrors,…sing dmeventd or progress polling.
[[0;32m  OK  [0m] Reached target Local File Systems (Pre).
[[0;32m  OK  [0m] Reached target Local File Systems.
         Starting Tell Plymouth To Write Out Runtime Data...
         Starting Set console font and keymap...
         Starting ebtables ruleset management...
         Starting AppArmor initialization...
[[0;32m  OK  [0m] Started Tell Plymouth To Write Out Runtime Data.
[[0;32m  OK  [0m] Started Set console font and keymap.
[[0;32m  OK  [0m] Started Flush Journal to Persistent Storage.
[[0;32m  OK  [0m] Started ebtables ruleset management.
         Starting Create Volatile Files and Directories...
[[0;32m  OK  [0m] Started Create Volatile Files and Directories.
         Starting Update UTMP about System Boot/Shutdown...
[[0;32m  OK  [0m] Started Update UTMP about System Boot/Shutdown.
[[0;32m  OK  [0m] Found device /dev/ttyS0.
[[0;32m  OK  [0m] Listening on Load/Save RF Kill Switch Status /dev/rfkill Watch.
[[0;32m  OK  [0m] Started AppArmor initialization.
         Starting Initial cloud-init job (pre-networking)...
[    9.212780] cloud-init[528]: Cloud-init v. 19.3-41-gc4735dd3-0ubuntu1~18.04.1 running 'init-local' at Thu, 09 Jan 2020 02:10:43 +0000. Up 8.85 seconds.
[[0;32m  OK  [0m] Started Initial cloud-init job (pre-networking).
[[0;32m  OK  [0m] Reached target Network (Pre).
         Starting Network Service...
[[0;32m  OK  [0m] Started Network Service.
         Starting Wait for Network to be Configured...
         Starting Network Name Resolution...
[[0;32m  OK  [0m] Started Network Name Resolution.
[[0;32m  OK  [0m] Reached target Network.
[[0;32m  OK  [0m] Reached target Host and Network Name Lookups.
[[0;32m  OK  [0m] Started Wait for Network to be Configured.
         Starting Initial cloud-init job (metadata service crawler)...
[   11.967316] cloud-init[701]: Cloud-init v. 19.3-41-gc4735dd3-0ubuntu1~18.04.1 running 'init' at Thu, 09 Jan 2020 02:10:46 +0000. Up 11.66 seconds.
[   11.971764] cloud-init[701]: ci-info: ++++++++++++++++++++++++++++++++++++++Net device info+++++++++++++++++++++++++++++++++++++++
[   11.975606] cloud-init[701]: ci-info: +--------+------+-----------------------------+---------------+--------+-------------------+
[   11.978179] cloud-init[701]: ci-info: | Device |  Up  |           Address           |      Mask     | Scope  |     Hw-Address    |
[   11.992590] cloud-init[701]: ci-info: +--------+------+-----------------------------+---------------+--------+-------------------+
[   11.996184] cloud-init[701]: ci-info: | enp0s3 | True |          10.0.2.15          | 255.255.255.0 | global | 02:b7:1f:33:e9:24 |
[   12.009055] cloud-init[701]: ci-info: | enp0s3 | True |  fe80::b7:1fff:fe33:e924/64 |       .       |  link  | 02:b7:1f:33:e9:24 |
[   12.012038] cloud-init[701]: ci-info: | enp0s8 | True |        192.168.33.10        | 255.255.255.0 | global | 08:00:27:46:88:31 |
[   12.019485] cloud-init[701]: ci-info: | enp0s8 | True | fe80::a00:27ff:fe46:8831/64 |       .       |  link  | 08:00:27:46:88:31 |
[   12.022482] cloud-init[701]: ci-info: |   lo   | True |          127.0.0.1          |   255.0.0.0   |  host  |         .         |
[   12.025480] cloud-init[701]: ci-info: |   lo   | True |           ::1/128           |       .       |  host  |         .         |
[   12.029718] cloud-init[701]: ci-info: +--------+------+-----------------------------+---------------+--------+-------------------+
[   12.033533] cloud-init[701]: ci-info: +++++++++++++++++++++++++++++Route IPv4 info+++++++++++++++++++++++++++++
[   12.036891] cloud-init[701]: ci-info: +-------+--------------+----------+-----------------+-----------+-------+
[   12.059496] cloud-init[701]: ci-info: | Route | Destination  | Gateway  |     Genmask     | Interface | Flags |
[   12.063824] cloud-init[701]: ci-info: +-------+--------------+----------+-----------------+-----------+-------+
[   12.071916] cloud-init[701]: ci-info: |   0   |   0.0.0.0    | 10.0.2.2 |     0.0.0.0     |   enp0s3  |   UG  |
[   12.079626] cloud-init[701]: ci-info: |   1   |   10.0.2.0   | 0.0.0.0  |  255.255.255.0  |   enp0s3  |   U   |
[   12.091291] cloud-init[701]: ci-info: |   2   |   10.0.2.2   | 0.0.0.0  | 255.255.255.255 |   enp0s3  |   UH  |
[   12.114678] cloud-init[701]: ci-info: |   3   | 192.168.33.0 | 0.0.0.0  |  255.255.255.0  |   enp0s8  |   U   |
[   12.124715] cloud-init[701]: ci-info: +-------+--------------+----------+-----------------+-----------+-------+
[   12.136269] cloud-init[701]: ci-info: +++++++++++++++++++Route IPv6 info+++++++++++++++++++
[   12.143496] cloud-init[701]: ci-info: +-------+-------------+---------+-----------+-------+
[   12.160959] cloud-init[701]: ci-info: | Route | Destination | Gateway | Interface | Flags |
[   12.163425] cloud-init[701]: ci-info: +-------+-------------+---------+-----------+-------+
[   12.180642] cloud-init[701]: ci-info: |   1   |  fe80::/64  |    ::   |   enp0s8  |   U   |
[   12.196617] cloud-init[701]: ci-info: |   2   |  fe80::/64  |    ::   |   enp0s3  |   U   |
[   12.209199] cloud-init[701]: ci-info: |   4   |    local    |    ::   |   enp0s3  |   U   |
[   12.210963] cloud-init[701]: ci-info: |   5   |    local    |    ::   |   enp0s8  |   U   |
[   12.212761] cloud-init[701]: ci-info: |   6   |   ff00::/8  |    ::   |   enp0s8  |   U   |
[   12.228704] cloud-init[701]: ci-info: |   7   |   ff00::/8  |    ::   |   enp0s3  |   U   |
[   12.231252] cloud-init[701]: ci-info: +-------+-------------+---------+-----------+-------+
[[0;32m  OK  [0m] Started Initial cloud-init job (metadata service crawler).
[[0;32m  OK  [0m] Reached target System Initialization.
[[0;32m  OK  [0m] Listening on Open-iSCSI iscsid Socket.
         Starting LXD - unix socket.
[[0;32m  OK  [0m] Started ACPI Events Check.
[[0;32m  OK  [0m] Reached target Paths.
[[0;32m  OK  [0m] Started Message of the Day.
[[0;32m  OK  [0m] Started Discard unused blocks once a week.
         Starting Socket activation for snappy daemon.
[[0;32m  OK  [0m] Listening on ACPID Listen Socket.
[[0;32m  OK  [0m] Started Daily apt download activities.
[[0;32m  OK  [0m] Started Daily apt upgrade and clean activities.
[[0;32m  OK  [0m] Listening on UUID daemon activation socket.
[[0;32m  OK  [0m] Listening on D-Bus System Message Bus Socket.
[[0;32m  OK  [0m] Started Daily Cleanup of Temporary Directories.
[[0;32m  OK  [0m] Reached target Timers.
[[0;32m  OK  [0m] Reached target Cloud-config availability.
[[0;32m  OK  [0m] Reached target Network is Online.
         Starting Availability of block devices...
[[0;32m  OK  [0m] Reached target Remote File Systems (Pre).
[[0;32m  OK  [0m] Reached target Remote File Systems.
[[0;32m  OK  [0m] Listening on LXD - unix socket.
[[0;32m  OK  [0m] Listening on Socket activation for snappy daemon.
[[0;32m  OK  [0m] Started Availability of block devices.
[[0;32m  OK  [0m] Reached target Sockets.
[[0;32m  OK  [0m] Reached target Basic System.
         Starting System Logging Service...
[[0;32m  OK  [0m] Started Deferred execution scheduler.
         Starting Dispatcher daemon for systemd-networkd...
         Starting Accounts Service...
[[0;32m  OK  [0m] Started irqbalance daemon.
         Starting Snappy daemon...
         Starting Permit User Sessions...
[[0;32m  OK  [0m] Started D-Bus System Message Bus.
         Starting LSB: Record successful boot for GRUB...
         Starting vboxadd.service...
         Starting Login Service...
[[0;32m  OK  [0m] Started Regular background program processing daemon.
         Starting OpenBSD Secure Shell server...
[[0;32m  OK  [0m] Started FUSE filesystem for LXC.
         Starting Message of the Day...
         Starting LSB: automatic crash report generation...
         Starting LXD - container startup/shutdown...
[[0;32m  OK  [0m] Started System Logging Service.
[[0;32m  OK  [0m] Started Permit User Sessions.
         Starting Terminate Plymouth Boot Screen...
         Starting Hold until boot process finishes up...
[[0;32m  OK  [0m] Started Hold until boot process finishes up.
[[0;32m  OK  [0m] Started Serial Getty on ttyS0.
         Starting Set console scheme...
[[0;32m  OK  [0m] Started Terminate Plymouth Boot Screen.
[[0;32m  OK  [0m] Started Set console scheme.
[[0;32m  OK  [0m] Started Login Service.
[[0;32m  OK  [0m] Started Unattended Upgrades Shutdown.
[[0;32m  OK  [0m] Created slice system-getty.slice.
[[0;32m  OK  [0m] Started Getty on tty1.
[[0;32m  OK  [0m] Reached target Login Prompts.
         Starting Authorization Manager...
[[0;32m  OK  [0m] Started OpenBSD Secure Shell server.
[[0;32m  OK  [0m] Started LSB: Record successful boot for GRUB.
[[0;32m  OK  [0m] Started Authorization Manager.
[[0;32m  OK  [0m] Started Accounts Service.
[[0;32m  OK  [0m] Started LSB: automatic crash report generation.
[[0;32m  OK  [0m] Started LXD - container startup/shutdown.
[[0;32m  OK  [0m] Started Dispatcher daemon for systemd-networkd.
[[0;32m  OK  [0m] Created slice User Slice of vagrant.
[[0;32m  OK  [0m] Started Snappy daemon.
         Starting User Manager for UID 1000...
         Starting Wait until snapd is fully seeded...
[[0;32m  OK  [0m] Started Session 1 of user vagrant.
[[0;32m  OK  [0m] Started Wait until snapd is fully seeded.
         Starting Apply the settings specified in cloud-config...
[[0;32m  OK  [0m] Started User Manager for UID 1000.
[   15.545681] cloud-init[1036]: Cloud-init v. 19.3-41-gc4735dd3-0ubuntu1~18.04.1 running 'modules:config' at Thu, 09 Jan 2020 02:10:49 +0000. Up 15.08 seconds.
[[0;32m  OK  [0m] Started Apply the settings specified in cloud-config.
[[0;32m  OK  [0m] Started vboxadd.service.
         Starting vboxadd-service.service...
[[0;32m  OK  [0m] Started vboxadd-service.service.
[[0;32m  OK  [0m] Reached target Multi-User System.
[[0;32m  OK  [0m] Reached target Graphical Interface.
         Starting Execute cloud user/final scripts...
         Starting Update UTMP about System Runlevel Changes...
[[0;32m  OK  [0m] Started Update UTMP about System Runlevel Changes.
[[0;32m  OK  [0m] Started Message of the Day.
[   17.132846] cloud-init[1195]: Cloud-init v. 19.3-41-gc4735dd3-0ubuntu1~18.04.1 running 'modules:final' at Thu, 09 Jan 2020 02:10:51 +0000. Up 16.89 seconds.
[   17.140441] cloud-init[1195]: Cloud-init v. 19.3-41-gc4735dd3-0ubuntu1~18.04.1 finished at Thu, 09 Jan 2020 02:10:51 +0000. Datasource DataSourceNoCloud [seed=/dev/sdb][dsmode=net].  Up 17.11 seconds
[[0;32m  OK  [0m] Started Execute cloud user/final scripts.
         Starting Daily apt download activities...
[[0;32m  OK  [0m] Reached target Cloud-init target.

Ubuntu 18.04.3 LTS ubuntu-bionic ttyS0

ubuntu-bionic login: 